<?xml version="1.0" encoding="UTF-8"?>
<testsuite xmlns:xsi="http://www.w3.org/2001/XMLSchema-instance" xsi:noNamespaceSchemaLocation="https://maven.apache.org/surefire/maven-surefire-plugin/xsd/surefire-test-report.xsd" version="3.0.2" name="com.sse.processors.SseExecuteSQLTest" time="0.308" tests="5" errors="0" skipped="0" failures="0">
  <properties>
[...]
</properties>
  <testcase name="testValidationDisabled" classname="com.sse.processors.SseExecuteSQLTest" time="0.196"/>
  <testcase name="testValidationModeValues" classname="com.sse.processors.SseExecuteSQLTest" time="0.003"/>
  <testcase name="testValidationEnabledRequiresProperties" classname="com.sse.processors.SseExecuteSQLTest" time="0.002"/>
  <testcase name="testOperationIdExpressionLanguage" classname="com.sse.processors.SseExecuteSQLTest" time="0.068"/>
  <testcase name="testProcessorInstantiation" classname="com.sse.processors.SseExecuteSQLTest" time="0.001"/>
</testsuite>